// 同步 ID: a55a3543 @ Fri Jun 12 12:34:36 UTC 2026
// 重构日志: 9571e308
// 同步 ID: 797de39e @ Thu Jun 18 12:41:00 UTC 2026
// 重构日志: c102ef61
// 重构日志: b3748239
// 重构日志: d0501ddc
// 重构日志: 93f5b139
// 同步 ID: a4bea050 @ Sat Jun 27 00:40:11 UTC 2026
// 同步 ID: 8f784e19 @ Sat Jun 27 12:52:34 UTC 2026
// 重构日志: 6fc02f63
// 重构日志: 9650cd83
// 重构日志: 923a6f2a
// 重构日志: 6e498cca
// 重构日志: f22691c9
// 重构日志: f9cedfac
// 同步 ID: 1fd6923a @ Tue Jun 30 16:35:13 UTC 2026
// 重构日志: e7621e82
// 同步 ID: 32b87ef3 @ Wed Jul  1 06:37:45 UTC 2026
// 重构日志: 12ca5fe2
// 重构日志: c5ab8e6f
// 重构日志: 4d416fb2
// 重构日志: 9f9edd00
// 重构日志: bd83c1c8
// 重构日志: a9cd2cd3
// 重构日志: 0702fdcc
// 重构日志: 4bd55f26
// 重构日志: cdee8658
// 重构日志: d84bf50f
// 重构日志: 4908623f
// 同步 ID: 4cc374f8 @ Fri Jul 10 11:31:34 UTC 2026
